1716743480.183872 client started (37118): version 3.2a, socket /tmp/tmux-1000/default, protocol 8
1716743480.183907 on Linux 6.5.0-35-generic #35~22.04.1-Ubuntu SMP PREEMPT_DYNAMIC Tue May  7 09:00:52 UTC 2
1716743480.183914 using libevent 2.1.12-stable (poll); ncurses 6.3
1716743480.183934 flags are 0x10010000
1716743480.183939 socket is /tmp/tmux-1000/default
1716743480.183953 trying connect
1716743480.184017 add peer 0x5f15c7c5d510: 6 ((nil))
1716743480.184260 sending message 100 to peer 0x5f15c7c5d510 (4 bytes)
1716743480.184268 sending message 111 to peer 0x5f15c7c5d510 (8 bytes)
1716743480.184273 sending message 101 to peer 0x5f15c7c5d510 (16 bytes)
1716743480.184277 sending message 109 to peer 0x5f15c7c5d510 (4 bytes)
1716743480.184282 sending message 102 to peer 0x5f15c7c5d510 (11 bytes)
1716743480.184286 sending message 108 to peer 0x5f15c7c5d510 (26 bytes)
1716743480.184290 sending message 112 to peer 0x5f15c7c5d510 (70 bytes)
1716743480.184295 sending message 112 to peer 0x5f15c7c5d510 (5 bytes)
1716743480.184300 sending message 112 to peer 0x5f15c7c5d510 (5 bytes)
1716743480.184304 sending message 112 to peer 0x5f15c7c5d510 (6 bytes)
1716743480.184308 sending message 112 to peer 0x5f15c7c5d510 (6 bytes)
1716743480.184313 sending message 112 to peer 0x5f15c7c5d510 (11 bytes)
1716743480.184317 sending message 112 to peer 0x5f15c7c5d510 (10 bytes)
1716743480.184322 sending message 112 to peer 0x5f15c7c5d510 (13 bytes)
1716743480.184326 sending message 112 to peer 0x5f15c7c5d510 (13 bytes)
1716743480.184331 sending message 112 to peer 0x5f15c7c5d510 (18 bytes)
1716743480.184335 sending message 112 to peer 0x5f15c7c5d510 (11 bytes)
1716743480.184340 sending message 112 to peer 0x5f15c7c5d510 (21 bytes)
1716743480.184344 sending message 112 to peer 0x5f15c7c5d510 (13 bytes)
1716743480.184349 sending message 112 to peer 0x5f15c7c5d510 (7 bytes)
1716743480.184353 sending message 112 to peer 0x5f15c7c5d510 (13 bytes)
1716743480.184358 sending message 112 to peer 0x5f15c7c5d510 (7 bytes)
1716743480.184362 sending message 112 to peer 0x5f15c7c5d510 (13 bytes)
1716743480.184367 sending message 112 to peer 0x5f15c7c5d510 (9 bytes)
1716743480.184371 sending message 112 to peer 0x5f15c7c5d510 (21 bytes)
1716743480.184376 sending message 112 to peer 0x5f15c7c5d510 (13 bytes)
1716743480.184380 sending message 112 to peer 0x5f15c7c5d510 (8 bytes)
1716743480.184384 sending message 112 to peer 0x5f15c7c5d510 (12 bytes)
1716743480.184389 sending message 112 to peer 0x5f15c7c5d510 (13 bytes)
1716743480.184393 sending message 112 to peer 0x5f15c7c5d510 (9 bytes)
1716743480.184398 sending message 112 to peer 0x5f15c7c5d510 (9 bytes)
1716743480.184402 sending message 112 to peer 0x5f15c7c5d510 (12 bytes)
1716743480.184406 sending message 112 to peer 0x5f15c7c5d510 (8 bytes)
1716743480.184411 sending message 112 to peer 0x5f15c7c5d510 (7 bytes)
1716743480.184415 sending message 112 to peer 0x5f15c7c5d510 (7 bytes)
1716743480.184420 sending message 112 to peer 0x5f15c7c5d510 (9 bytes)
1716743480.184424 sending message 112 to peer 0x5f15c7c5d510 (13 bytes)
1716743480.184428 sending message 112 to peer 0x5f15c7c5d510 (9 bytes)
1716743480.184433 sending message 112 to peer 0x5f15c7c5d510 (15 bytes)
1716743480.184437 sending message 112 to peer 0x5f15c7c5d510 (13 bytes)
1716743480.184442 sending message 112 to peer 0x5f15c7c5d510 (12 bytes)
1716743480.184446 sending message 112 to peer 0x5f15c7c5d510 (8 bytes)
1716743480.184450 sending message 112 to peer 0x5f15c7c5d510 (14 bytes)
1716743480.184455 sending message 112 to peer 0x5f15c7c5d510 (9 bytes)
1716743480.184459 sending message 112 to peer 0x5f15c7c5d510 (10 bytes)
1716743480.184464 sending message 112 to peer 0x5f15c7c5d510 (10 bytes)
1716743480.184468 sending message 112 to peer 0x5f15c7c5d510 (10 bytes)
1716743480.184472 sending message 112 to peer 0x5f15c7c5d510 (10 bytes)
1716743480.184477 sending message 112 to peer 0x5f15c7c5d510 (11 bytes)
1716743480.184481 sending message 112 to peer 0x5f15c7c5d510 (10 bytes)
1716743480.184485 sending message 112 to peer 0x5f15c7c5d510 (8 bytes)
1716743480.184498 sending message 112 to peer 0x5f15c7c5d510 (11 bytes)
1716743480.184503 sending message 112 to peer 0x5f15c7c5d510 (11 bytes)
1716743480.184508 sending message 112 to peer 0x5f15c7c5d510 (11 bytes)
1716743480.184512 sending message 112 to peer 0x5f15c7c5d510 (8 bytes)
1716743480.184516 sending message 112 to peer 0x5f15c7c5d510 (8 bytes)
1716743480.184521 sending message 112 to peer 0x5f15c7c5d510 (8 bytes)
1716743480.184525 sending message 112 to peer 0x5f15c7c5d510 (10 bytes)
1716743480.184530 sending message 112 to peer 0x5f15c7c5d510 (10 bytes)
1716743480.184534 sending message 112 to peer 0x5f15c7c5d510 (10 bytes)
1716743480.184538 sending message 112 to peer 0x5f15c7c5d510 (10 bytes)
1716743480.184543 sending message 112 to peer 0x5f15c7c5d510 (10 bytes)
1716743480.184547 sending message 112 to peer 0x5f15c7c5d510 (11 bytes)
1716743480.184552 sending message 112 to peer 0x5f15c7c5d510 (11 bytes)
1716743480.184556 sending message 112 to peer 0x5f15c7c5d510 (10 bytes)
1716743480.184561 sending message 112 to peer 0x5f15c7c5d510 (9 bytes)
1716743480.184565 sending message 112 to peer 0x5f15c7c5d510 (9 bytes)
1716743480.184570 sending message 112 to peer 0x5f15c7c5d510 (12 bytes)
1716743480.184574 sending message 112 to peer 0x5f15c7c5d510 (9 bytes)
1716743480.184579 sending message 112 to peer 0x5f15c7c5d510 (6 bytes)
1716743480.184583 sending message 112 to peer 0x5f15c7c5d510 (13 bytes)
1716743480.184588 sending message 112 to peer 0x5f15c7c5d510 (8 bytes)
1716743480.184592 sending message 112 to peer 0x5f15c7c5d510 (15 bytes)
1716743480.184597 sending message 112 to peer 0x5f15c7c5d510 (13 bytes)
1716743480.184601 sending message 112 to peer 0x5f15c7c5d510 (70 bytes)
1716743480.184605 sending message 112 to peer 0x5f15c7c5d510 (69 bytes)
1716743480.184610 sending message 112 to peer 0x5f15c7c5d510 (10 bytes)
1716743480.184614 sending message 112 to peer 0x5f15c7c5d510 (8 bytes)
1716743480.184618 sending message 112 to peer 0x5f15c7c5d510 (15 bytes)
1716743480.184623 sending message 112 to peer 0x5f15c7c5d510 (13 bytes)
1716743480.184627 sending message 112 to peer 0x5f15c7c5d510 (10 bytes)
1716743480.184631 sending message 112 to peer 0x5f15c7c5d510 (10 bytes)
1716743480.184636 sending message 112 to peer 0x5f15c7c5d510 (5 bytes)
1716743480.184640 sending message 112 to peer 0x5f15c7c5d510 (15 bytes)
1716743480.184645 sending message 104 to peer 0x5f15c7c5d510 (0 bytes)
1716743480.184651 sending message 110 to peer 0x5f15c7c5d510 (0 bytes)
1716743480.184656 sending message 107 to peer 0x5f15c7c5d510 (4 bytes)
1716743480.184660 sending message 105 to peer 0x5f15c7c5d510 (23 bytes)
1716743480.184665 sending message 105 to peer 0x5f15c7c5d510 (20 bytes)
1716743480.184669 sending message 105 to peer 0x5f15c7c5d510 (54 bytes)
1716743480.184674 sending message 105 to peer 0x5f15c7c5d510 (47 bytes)
1716743480.184678 sending message 105 to peer 0x5f15c7c5d510 (19 bytes)
1716743480.184682 sending message 105 to peer 0x5f15c7c5d510 (54 bytes)
1716743480.184687 sending message 105 to peer 0x5f15c7c5d510 (11 bytes)
1716743480.184691 sending message 105 to peer 0x5f15c7c5d510 (14 bytes)
1716743480.184695 sending message 105 to peer 0x5f15c7c5d510 (52 bytes)
1716743480.184699 sending message 105 to peer 0x5f15c7c5d510 (19 bytes)
1716743480.184704 sending message 105 to peer 0x5f15c7c5d510 (28 bytes)
1716743480.184708 sending message 105 to peer 0x5f15c7c5d510 (18 bytes)
1716743480.184712 sending message 105 to peer 0x5f15c7c5d510 (41 bytes)
1716743480.184717 sending message 105 to peer 0x5f15c7c5d510 (18 bytes)
1716743480.184721 sending message 105 to peer 0x5f15c7c5d510 (17 bytes)
1716743480.184726 sending message 105 to peer 0x5f15c7c5d510 (18 bytes)
1716743480.184730 sending message 105 to peer 0x5f15c7c5d510 (23 bytes)
1716743480.184734 sending message 105 to peer 0x5f15c7c5d510 (30 bytes)
1716743480.184739 sending message 105 to peer 0x5f15c7c5d510 (27 bytes)
1716743480.184743 sending message 105 to peer 0x5f15c7c5d510 (24 bytes)
1716743480.184747 sending message 105 to peer 0x5f15c7c5d510 (20 bytes)
1716743480.184752 sending message 105 to peer 0x5f15c7c5d510 (23 bytes)
1716743480.184762 sending message 105 to peer 0x5f15c7c5d510 (21 bytes)
1716743480.184767 sending message 105 to peer 0x5f15c7c5d510 (25 bytes)
1716743480.184772 sending message 105 to peer 0x5f15c7c5d510 (20 bytes)
1716743480.184776 sending message 105 to peer 0x5f15c7c5d510 (8 bytes)
1716743480.184790 sending message 105 to peer 0x5f15c7c5d510 (15 bytes)
1716743480.184796 sending message 105 to peer 0x5f15c7c5d510 (32 bytes)
1716743480.184801 sending message 105 to peer 0x5f15c7c5d510 (1519 bytes)
1716743480.184806 sending message 105 to peer 0x5f15c7c5d510 (50 bytes)
1716743480.184811 sending message 105 to peer 0x5f15c7c5d510 (20 bytes)
1716743480.184815 sending message 105 to peer 0x5f15c7c5d510 (12 bytes)
1716743480.184819 sending message 105 to peer 0x5f15c7c5d510 (11 bytes)
1716743480.184823 sending message 105 to peer 0x5f15c7c5d510 (13 bytes)
1716743480.184828 sending message 105 to peer 0x5f15c7c5d510 (138 bytes)
1716743480.184832 sending message 105 to peer 0x5f15c7c5d510 (30 bytes)
1716743480.184836 sending message 105 to peer 0x5f15c7c5d510 (19 bytes)
1716743480.184841 sending message 105 to peer 0x5f15c7c5d510 (18 bytes)
1716743480.184845 sending message 105 to peer 0x5f15c7c5d510 (24 bytes)
1716743480.184849 sending message 105 to peer 0x5f15c7c5d510 (15 bytes)
1716743480.184853 sending message 105 to peer 0x5f15c7c5d510 (8 bytes)
1716743480.184858 sending message 105 to peer 0x5f15c7c5d510 (22 bytes)
1716743480.184862 sending message 105 to peer 0x5f15c7c5d510 (21 bytes)
1716743480.184866 sending message 105 to peer 0x5f15c7c5d510 (18 bytes)
1716743480.184871 sending message 105 to peer 0x5f15c7c5d510 (26 bytes)
1716743480.184875 sending message 105 to peer 0x5f15c7c5d510 (37 bytes)
1716743480.184879 sending message 105 to peer 0x5f15c7c5d510 (14 bytes)
1716743480.184884 sending message 105 to peer 0x5f15c7c5d510 (53 bytes)
1716743480.184888 sending message 105 to peer 0x5f15c7c5d510 (12 bytes)
1716743480.184892 sending message 105 to peer 0x5f15c7c5d510 (16 bytes)
1716743480.184897 sending message 105 to peer 0x5f15c7c5d510 (13 bytes)
1716743480.184901 sending message 105 to peer 0x5f15c7c5d510 (41 bytes)
1716743480.184906 sending message 105 to peer 0x5f15c7c5d510 (41 bytes)
1716743480.184910 sending message 105 to peer 0x5f15c7c5d510 (23 bytes)
1716743480.184914 sending message 105 to peer 0x5f15c7c5d510 (177 bytes)
1716743480.184919 sending message 105 to peer 0x5f15c7c5d510 (31 bytes)
1716743480.184923 sending message 105 to peer 0x5f15c7c5d510 (15 bytes)
1716743480.184928 sending message 105 to peer 0x5f15c7c5d510 (23 bytes)
1716743480.184932 sending message 105 to peer 0x5f15c7c5d510 (23 bytes)
1716743480.184936 sending message 105 to peer 0x5f15c7c5d510 (17 bytes)
1716743480.184941 sending message 105 to peer 0x5f15c7c5d510 (21 bytes)
1716743480.184945 sending message 105 to peer 0x5f15c7c5d510 (11 bytes)
1716743480.184949 sending message 105 to peer 0x5f15c7c5d510 (20 bytes)
1716743480.184954 sending message 105 to peer 0x5f15c7c5d510 (28 bytes)
1716743480.184958 sending message 105 to peer 0x5f15c7c5d510 (16 bytes)
1716743480.184962 sending message 105 to peer 0x5f15c7c5d510 (24 bytes)
1716743480.184966 sending message 105 to peer 0x5f15c7c5d510 (20 bytes)
1716743480.184971 sending message 105 to peer 0x5f15c7c5d510 (10 bytes)
1716743480.184975 sending message 106 to peer 0x5f15c7c5d510 (0 bytes)
1716743480.184981 sending message 200 to peer 0x5f15c7c5d510 (4 bytes)
1716743480.184985 client loop enter
1716743480.185836 peer 0x5f15c7c5d510 message 303
1716743480.185848 open write file 2 -
1716743480.185859 sending message 305 to peer 0x5f15c7c5d510 (8 bytes)
1716743480.185869 write check file 2
1716743480.186218 peer 0x5f15c7c5d510 message 304
1716743480.186229 write 58 to file 2
1716743480.186235 peer 0x5f15c7c5d510 message 203
1716743480.186240 file 2 58 bytes left
1716743480.186267 write check file 2
1716743480.186272 client loop exit
